[2025-08-16 14:36:02.419 +03:00  INF]  User profile is available. Using 'C:\Users\muazc\AppData\Local\ASP.NET\DataProtection-Keys' as key repository and Windows DPAPI to encrypt keys at rest.
[2025-08-16 14:36:02.843 +03:00  INF]  Now listening on: https://localhost:7109
[2025-08-16 14:36:02.845 +03:00  INF]  Now listening on: http://localhost:5031
[2025-08-16 14:36:02.987 +03:00  INF]  Application started. Press Ctrl+C to shut down.
[2025-08-16 14:36:02.989 +03:00  INF]  Hosting environment: Development
[2025-08-16 14:36:02.990 +03:00  INF]  Content root path: C:\Users\muazc\OneDrive\Masaüstü\Proje ve Çalışmalarım\GitHub\SecondTask\SecondTask\SecondTask.WebApi
[2025-08-16 14:36:03.638 +03:00  INF]  Request starting HTTP/2 GET https://localhost:7109/ - null null
[2025-08-16 14:36:03.890 +03:00  INF]  Request finished HTTP/2 GET https://localhost:7109/ - 404 0 null 254.6296ms
[2025-08-16 14:36:03.919 +03:00  INF]  Request reached the end of the middleware pipeline without being handled by application code. Request path: GET https://localhost:7109/, Response status code: 404
[2025-08-16 14:36:07.375 +03:00  INF]  Request starting HTTP/1.1 POST https://localhost:7109/api/Login - application/json; charset=utf-8 38
[2025-08-16 14:36:07.383 +03:00  INF]  Executing endpoint 'SecondTask.WebApi.Controllers.LoginController.Index (SecondTask.WebApi)'
[2025-08-16 14:36:07.408 +03:00  INF]  Route matched with {action = "Index", controller = "Login"}. Executing controller action with signature System.Threading.Tasks.Task`1[Microsoft.AspNetCore.Mvc.IActionResult] Index(SecondTask.Application.Features.CQRS.Queries.UserQueries.GetCheckUserQuery) on controller SecondTask.WebApi.Controllers.LoginController (SecondTask.WebApi).
[2025-08-16 14:36:08.711 +03:00  INF]  Executed DbCommand (67ms) [Parameters=[@__query_Username_0='?'], CommandType='"Text"', CommandTimeout='30']
SELECT u."Id", u."Name", u."Password", u."Surname", u."Username"
FROM "Users" AS u
WHERE u."Username" = @__query_Username_0
LIMIT 2
[2025-08-16 14:36:09.099 +03:00  INF]  Executing CreatedResult, writing value of type 'SecondTask.Application.Dtos.TokenResponseDto'.
[2025-08-16 14:36:09.114 +03:00  INF]  Executed action SecondTask.WebApi.Controllers.LoginController.Index (SecondTask.WebApi) in 1700.617ms
[2025-08-16 14:36:09.117 +03:00  INF]  Executed endpoint 'SecondTask.WebApi.Controllers.LoginController.Index (SecondTask.WebApi)'
[2025-08-16 14:36:09.127 +03:00  INF]  Request finished HTTP/1.1 POST https://localhost:7109/api/Login - 201 null application/json; charset=utf-8 1752.8076ms
[2025-08-16 14:36:09.257 +03:00  INF]  Request starting HTTP/1.1 GET https://localhost:7109/api/Product - null null
[2025-08-16 14:36:09.262 +03:00  INF]  Executing endpoint 'SecondTask.WebApi.Controllers.ProductController.GetProductList (SecondTask.WebApi)'
[2025-08-16 14:36:09.268 +03:00  INF]  Route matched with {action = "GetProductList", controller = "Product"}. Executing controller action with signature System.Threading.Tasks.Task`1[Microsoft.AspNetCore.Mvc.IActionResult] GetProductList() on controller SecondTask.WebApi.Controllers.ProductController (SecondTask.WebApi).
[2025-08-16 14:36:09.591 +03:00  INF]  Executing OkObjectResult, writing value of type 'System.Collections.Generic.List`1[[SecondTask.Application.Features.CQRS.Results.ProductResults.GetProductQueryResult, SecondTask.Application, Version=1.0.0.0, Culture=neutral, PublicKeyToken=null]]'.
[2025-08-16 14:36:09.602 +03:00  INF]  Executed action SecondTask.WebApi.Controllers.ProductController.GetProductList (SecondTask.WebApi) in 332.6184ms
[2025-08-16 14:36:09.604 +03:00  INF]  Executed endpoint 'SecondTask.WebApi.Controllers.ProductController.GetProductList (SecondTask.WebApi)'
[2025-08-16 14:36:09.606 +03:00  INF]  Request finished HTTP/1.1 GET https://localhost:7109/api/Product - 200 null application/json; charset=utf-8 349.0179ms
[2025-08-16 14:36:46.643 +03:00  INF]  Request starting HTTP/1.1 GET https://localhost:7109/api/Product/1 - null null
[2025-08-16 14:36:46.652 +03:00  INF]  Executing endpoint 'SecondTask.WebApi.Controllers.ProductController.GetProductList (SecondTask.WebApi)'
[2025-08-16 14:36:46.662 +03:00  INF]  Route matched with {action = "GetProductList", controller = "Product"}. Executing controller action with signature System.Threading.Tasks.Task`1[Microsoft.AspNetCore.Mvc.IActionResult] GetProductList(Int32) on controller SecondTask.WebApi.Controllers.ProductController (SecondTask.WebApi).
[2025-08-16 14:36:46.833 +03:00  INF]  Executed DbCommand (7ms) [Parameters=[@__p_0='?' (DbType = Int32)], CommandType='"Text"', CommandTimeout='30']
SELECT p."Id", p."Brand", p."Description", p."Price", p."ProductName", p."Status"
FROM "Products" AS p
WHERE p."Id" = @__p_0
LIMIT 1
[2025-08-16 14:36:46.904 +03:00  INF]  Executing OkObjectResult, writing value of type 'SecondTask.Application.Features.CQRS.Results.ProductResults.GetProductByIdQueryResult'.
[2025-08-16 14:36:46.909 +03:00  INF]  Executed action SecondTask.WebApi.Controllers.ProductController.GetProductList (SecondTask.WebApi) in 243.6108ms
[2025-08-16 14:36:46.911 +03:00  INF]  Executed endpoint 'SecondTask.WebApi.Controllers.ProductController.GetProductList (SecondTask.WebApi)'
[2025-08-16 14:36:46.913 +03:00  INF]  Request finished HTTP/1.1 GET https://localhost:7109/api/Product/1 - 200 null application/json; charset=utf-8 269.8241ms
[2025-08-16 14:36:50.483 +03:00  INF]  Request starting HTTP/1.1 GET https://localhost:7109/api/Product - null null
[2025-08-16 14:36:50.491 +03:00  INF]  Executing endpoint 'SecondTask.WebApi.Controllers.ProductController.GetProductList (SecondTask.WebApi)'
[2025-08-16 14:36:50.494 +03:00  INF]  Route matched with {action = "GetProductList", controller = "Product"}. Executing controller action with signature System.Threading.Tasks.Task`1[Microsoft.AspNetCore.Mvc.IActionResult] GetProductList() on controller SecondTask.WebApi.Controllers.ProductController (SecondTask.WebApi).
[2025-08-16 14:36:50.510 +03:00  INF]  Executing OkObjectResult, writing value of type 'System.Collections.Generic.List`1[[SecondTask.Application.Features.CQRS.Results.ProductResults.GetProductQueryResult, SecondTask.Application, Version=1.0.0.0, Culture=neutral, PublicKeyToken=null]]'.
[2025-08-16 14:36:50.513 +03:00  INF]  Executed action SecondTask.WebApi.Controllers.ProductController.GetProductList (SecondTask.WebApi) in 15.4435ms
[2025-08-16 14:36:50.515 +03:00  INF]  Executed endpoint 'SecondTask.WebApi.Controllers.ProductController.GetProductList (SecondTask.WebApi)'
[2025-08-16 14:36:50.519 +03:00  INF]  Request finished HTTP/1.1 GET https://localhost:7109/api/Product - 200 null application/json; charset=utf-8 35.5958ms
[2025-08-16 14:36:58.926 +03:00  INF]  Request starting HTTP/1.1 GET https://localhost:7109/api/Product/9 - null null
[2025-08-16 14:36:58.930 +03:00  INF]  Executing endpoint 'SecondTask.WebApi.Controllers.ProductController.GetProductList (SecondTask.WebApi)'
[2025-08-16 14:36:58.931 +03:00  INF]  Route matched with {action = "GetProductList", controller = "Product"}. Executing controller action with signature System.Threading.Tasks.Task`1[Microsoft.AspNetCore.Mvc.IActionResult] GetProductList(Int32) on controller SecondTask.WebApi.Controllers.ProductController (SecondTask.WebApi).
[2025-08-16 14:36:58.951 +03:00  INF]  Executed DbCommand (1ms) [Parameters=[@__p_0='?' (DbType = Int32)], CommandType='"Text"', CommandTimeout='30']
SELECT p."Id", p."Brand", p."Description", p."Price", p."ProductName", p."Status"
FROM "Products" AS p
WHERE p."Id" = @__p_0
LIMIT 1
[2025-08-16 14:36:58.956 +03:00  INF]  Executing OkObjectResult, writing value of type 'SecondTask.Application.Features.CQRS.Results.ProductResults.GetProductByIdQueryResult'.
[2025-08-16 14:36:58.958 +03:00  INF]  Executed action SecondTask.WebApi.Controllers.ProductController.GetProductList (SecondTask.WebApi) in 24.7175ms
[2025-08-16 14:36:58.959 +03:00  INF]  Executed endpoint 'SecondTask.WebApi.Controllers.ProductController.GetProductList (SecondTask.WebApi)'
[2025-08-16 14:36:58.961 +03:00  INF]  Request finished HTTP/1.1 GET https://localhost:7109/api/Product/9 - 200 null application/json; charset=utf-8 34.3961ms
[2025-08-16 14:37:07.801 +03:00  INF]  Request starting HTTP/1.1 GET https://localhost:7109/api/Product - null null
[2025-08-16 14:37:07.806 +03:00  INF]  Executing endpoint 'SecondTask.WebApi.Controllers.ProductController.GetProductList (SecondTask.WebApi)'
[2025-08-16 14:37:07.807 +03:00  INF]  Route matched with {action = "GetProductList", controller = "Product"}. Executing controller action with signature System.Threading.Tasks.Task`1[Microsoft.AspNetCore.Mvc.IActionResult] GetProductList() on controller SecondTask.WebApi.Controllers.ProductController (SecondTask.WebApi).
[2025-08-16 14:37:07.821 +03:00  INF]  Executed DbCommand (1ms) [Parameters=[], CommandType='"Text"', CommandTimeout='30']
SELECT p."Id", p."Brand", p."Description", p."Price", p."ProductName", p."Status"
FROM "Products" AS p
[2025-08-16 14:37:07.830 +03:00  INF]  Executing OkObjectResult, writing value of type 'System.Collections.Generic.List`1[[SecondTask.Application.Features.CQRS.Results.ProductResults.GetProductQueryResult, SecondTask.Application, Version=1.0.0.0, Culture=neutral, PublicKeyToken=null]]'.
[2025-08-16 14:37:07.832 +03:00  INF]  Executed action SecondTask.WebApi.Controllers.ProductController.GetProductList (SecondTask.WebApi) in 23.3498ms
[2025-08-16 14:37:07.835 +03:00  INF]  Executed endpoint 'SecondTask.WebApi.Controllers.ProductController.GetProductList (SecondTask.WebApi)'
[2025-08-16 14:37:07.836 +03:00  INF]  Request finished HTTP/1.1 GET https://localhost:7109/api/Product - 200 null application/json; charset=utf-8 34.5655ms
[2025-08-16 14:37:53.911 +03:00  INF]  Request starting HTTP/1.1 GET https://localhost:7109/api/Product/9 - null null
[2025-08-16 14:37:53.916 +03:00  INF]  Executing endpoint 'SecondTask.WebApi.Controllers.ProductController.GetProductList (SecondTask.WebApi)'
[2025-08-16 14:37:53.919 +03:00  INF]  Route matched with {action = "GetProductList", controller = "Product"}. Executing controller action with signature System.Threading.Tasks.Task`1[Microsoft.AspNetCore.Mvc.IActionResult] GetProductList(Int32) on controller SecondTask.WebApi.Controllers.ProductController (SecondTask.WebApi).
[2025-08-16 14:37:53.954 +03:00  INF]  Executing OkObjectResult, writing value of type 'SecondTask.Application.Features.CQRS.Results.ProductResults.GetProductByIdQueryResult'.
[2025-08-16 14:37:53.958 +03:00  INF]  Executed action SecondTask.WebApi.Controllers.ProductController.GetProductList (SecondTask.WebApi) in 35.8645ms
[2025-08-16 14:37:53.962 +03:00  INF]  Executed endpoint 'SecondTask.WebApi.Controllers.ProductController.GetProductList (SecondTask.WebApi)'
[2025-08-16 14:37:53.968 +03:00  INF]  Request finished HTTP/1.1 GET https://localhost:7109/api/Product/9 - 200 null application/json; charset=utf-8 56.7944ms
[2025-08-16 14:37:56.306 +03:00  INF]  Request starting HTTP/1.1 PUT https://localhost:7109/api/Product - application/json; charset=utf-8 92
[2025-08-16 14:37:56.311 +03:00  INF]  Executing endpoint 'SecondTask.WebApi.Controllers.ProductController.UpdateProduct (SecondTask.WebApi)'
[2025-08-16 14:37:56.319 +03:00  INF]  Route matched with {action = "UpdateProduct", controller = "Product"}. Executing controller action with signature System.Threading.Tasks.Task`1[Microsoft.AspNetCore.Mvc.IActionResult] UpdateProduct(SecondTask.Application.Features.CQRS.Commands.ProductCommands.UpdateProductCommand) on controller SecondTask.WebApi.Controllers.ProductController (SecondTask.WebApi).
[2025-08-16 14:37:56.339 +03:00  INF]  Executed DbCommand (1ms) [Parameters=[@__p_0='?' (DbType = Int32)], CommandType='"Text"', CommandTimeout='30']
SELECT p."Id", p."Brand", p."Description", p."Price", p."ProductName", p."Status"
FROM "Products" AS p
WHERE p."Id" = @__p_0
LIMIT 1
[2025-08-16 14:37:56.425 +03:00  INF]  Executed DbCommand (10ms) [Parameters=[@p5='?' (DbType = Int32), @p0='?', @p1='?', @p2='?' (DbType = Decimal), @p3='?', @p4='?' (DbType = Boolean)], CommandType='"Text"', CommandTimeout='30']
UPDATE "Products" SET "Brand" = @p0, "Description" = @p1, "Price" = @p2, "ProductName" = @p3, "Status" = @p4
WHERE "Id" = @p5;
[2025-08-16 14:37:56.441 +03:00  INF]  Executing OkObjectResult, writing value of type 'System.String'.
[2025-08-16 14:37:56.444 +03:00  INF]  Executed action SecondTask.WebApi.Controllers.ProductController.UpdateProduct (SecondTask.WebApi) in 121.8817ms
[2025-08-16 14:37:56.446 +03:00  INF]  Executed endpoint 'SecondTask.WebApi.Controllers.ProductController.UpdateProduct (SecondTask.WebApi)'
[2025-08-16 14:37:56.448 +03:00  INF]  Request finished HTTP/1.1 PUT https://localhost:7109/api/Product - 200 null text/plain; charset=utf-8 141.3106ms
[2025-08-16 14:37:56.469 +03:00  INF]  Request starting HTTP/1.1 GET https://localhost:7109/api/Product - null null
[2025-08-16 14:37:56.473 +03:00  INF]  Executing endpoint 'SecondTask.WebApi.Controllers.ProductController.GetProductList (SecondTask.WebApi)'
[2025-08-16 14:37:56.475 +03:00  INF]  Route matched with {action = "GetProductList", controller = "Product"}. Executing controller action with signature System.Threading.Tasks.Task`1[Microsoft.AspNetCore.Mvc.IActionResult] GetProductList() on controller SecondTask.WebApi.Controllers.ProductController (SecondTask.WebApi).
[2025-08-16 14:37:56.482 +03:00  INF]  Executed DbCommand (1ms) [Parameters=[], CommandType='"Text"', CommandTimeout='30']
SELECT p."Id", p."Brand", p."Description", p."Price", p."ProductName", p."Status"
FROM "Products" AS p
[2025-08-16 14:37:56.488 +03:00  INF]  Executing OkObjectResult, writing value of type 'System.Collections.Generic.List`1[[SecondTask.Application.Features.CQRS.Results.ProductResults.GetProductQueryResult, SecondTask.Application, Version=1.0.0.0, Culture=neutral, PublicKeyToken=null]]'.
[2025-08-16 14:37:56.490 +03:00  INF]  Executed action SecondTask.WebApi.Controllers.ProductController.GetProductList (SecondTask.WebApi) in 11.3077ms
[2025-08-16 14:37:56.492 +03:00  INF]  Executed endpoint 'SecondTask.WebApi.Controllers.ProductController.GetProductList (SecondTask.WebApi)'
[2025-08-16 14:37:56.494 +03:00  INF]  Request finished HTTP/1.1 GET https://localhost:7109/api/Product - 200 null application/json; charset=utf-8 25.2068ms
[2025-08-16 14:39:20.287 +03:00  INF]  User profile is available. Using 'C:\Users\muazc\AppData\Local\ASP.NET\DataProtection-Keys' as key repository and Windows DPAPI to encrypt keys at rest.
[2025-08-16 14:39:20.728 +03:00  INF]  Now listening on: https://localhost:7109
[2025-08-16 14:39:20.730 +03:00  INF]  Now listening on: http://localhost:5031
[2025-08-16 14:39:20.843 +03:00  INF]  Application started. Press Ctrl+C to shut down.
[2025-08-16 14:39:20.847 +03:00  INF]  Hosting environment: Development
[2025-08-16 14:39:20.848 +03:00  INF]  Content root path: C:\Users\muazc\OneDrive\Masaüstü\Proje ve Çalışmalarım\GitHub\SecondTask\SecondTask\SecondTask.WebApi
[2025-08-16 14:39:21.235 +03:00  INF]  Request starting HTTP/2 GET https://localhost:7109/ - null null
[2025-08-16 14:39:21.592 +03:00  INF]  Request finished HTTP/2 GET https://localhost:7109/ - 404 0 null 358.9303ms
[2025-08-16 14:39:21.633 +03:00  INF]  Request reached the end of the middleware pipeline without being handled by application code. Request path: GET https://localhost:7109/, Response status code: 404
[2025-08-16 14:39:25.684 +03:00  INF]  Request starting HTTP/1.1 POST https://localhost:7109/api/Login - application/json; charset=utf-8 38
[2025-08-16 14:39:25.698 +03:00  INF]  Executing endpoint 'SecondTask.WebApi.Controllers.LoginController.Index (SecondTask.WebApi)'
[2025-08-16 14:39:25.722 +03:00  INF]  Route matched with {action = "Index", controller = "Login"}. Executing controller action with signature System.Threading.Tasks.Task`1[Microsoft.AspNetCore.Mvc.IActionResult] Index(SecondTask.Application.Features.CQRS.Queries.UserQueries.GetCheckUserQuery) on controller SecondTask.WebApi.Controllers.LoginController (SecondTask.WebApi).
[2025-08-16 14:39:26.844 +03:00  INF]  Executed DbCommand (55ms) [Parameters=[@__query_Username_0='?'], CommandType='"Text"', CommandTimeout='30']
SELECT u."Id", u."Name", u."Password", u."Surname", u."Username"
FROM "Users" AS u
WHERE u."Username" = @__query_Username_0
LIMIT 2
[2025-08-16 14:39:27.243 +03:00  INF]  Executing CreatedResult, writing value of type 'SecondTask.Application.Dtos.TokenResponseDto'.
[2025-08-16 14:39:27.259 +03:00  INF]  Executed action SecondTask.WebApi.Controllers.LoginController.Index (SecondTask.WebApi) in 1531.0312ms
[2025-08-16 14:39:27.262 +03:00  INF]  Executed endpoint 'SecondTask.WebApi.Controllers.LoginController.Index (SecondTask.WebApi)'
[2025-08-16 14:39:27.271 +03:00  INF]  Request finished HTTP/1.1 POST https://localhost:7109/api/Login - 201 null application/json; charset=utf-8 1587.2317ms
[2025-08-16 14:39:27.406 +03:00  INF]  Request starting HTTP/1.1 GET https://localhost:7109/api/Product - null null
[2025-08-16 14:39:27.411 +03:00  INF]  Executing endpoint 'SecondTask.WebApi.Controllers.ProductController.GetProductList (SecondTask.WebApi)'
[2025-08-16 14:39:27.415 +03:00  INF]  Route matched with {action = "GetProductList", controller = "Product"}. Executing controller action with signature System.Threading.Tasks.Task`1[Microsoft.AspNetCore.Mvc.IActionResult] GetProductList() on controller SecondTask.WebApi.Controllers.ProductController (SecondTask.WebApi).
[2025-08-16 14:39:27.738 +03:00  INF]  Executing OkObjectResult, writing value of type 'System.Collections.Generic.List`1[[SecondTask.Application.Features.CQRS.Results.ProductResults.GetProductQueryResult, SecondTask.Application, Version=1.0.0.0, Culture=neutral, PublicKeyToken=null]]'.
[2025-08-16 14:39:27.747 +03:00  INF]  Executed action SecondTask.WebApi.Controllers.ProductController.GetProductList (SecondTask.WebApi) in 329.7031ms
[2025-08-16 14:39:27.749 +03:00  INF]  Executed endpoint 'SecondTask.WebApi.Controllers.ProductController.GetProductList (SecondTask.WebApi)'
[2025-08-16 14:39:27.751 +03:00  INF]  Request finished HTTP/1.1 GET https://localhost:7109/api/Product - 200 null application/json; charset=utf-8 345.0933ms
[2025-08-16 14:39:41.709 +03:00  INF]  Request starting HTTP/1.1 GET https://localhost:7109/api/Product/9 - null null
[2025-08-16 14:39:41.714 +03:00  INF]  Executing endpoint 'SecondTask.WebApi.Controllers.ProductController.GetProductList (SecondTask.WebApi)'
[2025-08-16 14:39:41.721 +03:00  INF]  Route matched with {action = "GetProductList", controller = "Product"}. Executing controller action with signature System.Threading.Tasks.Task`1[Microsoft.AspNetCore.Mvc.IActionResult] GetProductList(Int32) on controller SecondTask.WebApi.Controllers.ProductController (SecondTask.WebApi).
[2025-08-16 14:39:41.845 +03:00  INF]  Executed DbCommand (5ms) [Parameters=[@__p_0='?' (DbType = Int32)], CommandType='"Text"', CommandTimeout='30']
SELECT p."Id", p."Brand", p."Description", p."Price", p."ProductName", p."Status"
FROM "Products" AS p
WHERE p."Id" = @__p_0
LIMIT 1
[2025-08-16 14:39:41.896 +03:00  INF]  Executing OkObjectResult, writing value of type 'SecondTask.Application.Features.CQRS.Results.ProductResults.GetProductByIdQueryResult'.
[2025-08-16 14:39:41.900 +03:00  INF]  Executed action SecondTask.WebApi.Controllers.ProductController.GetProductList (SecondTask.WebApi) in 176.9636ms
[2025-08-16 14:39:41.902 +03:00  INF]  Executed endpoint 'SecondTask.WebApi.Controllers.ProductController.GetProductList (SecondTask.WebApi)'
[2025-08-16 14:39:41.906 +03:00  INF]  Request finished HTTP/1.1 GET https://localhost:7109/api/Product/9 - 200 null application/json; charset=utf-8 196.2127ms
[2025-08-16 14:40:04.463 +03:00  INF]  Request starting HTTP/1.1 GET https://localhost:7109/api/Product - null null
[2025-08-16 14:40:04.470 +03:00  INF]  Executing endpoint 'SecondTask.WebApi.Controllers.ProductController.GetProductList (SecondTask.WebApi)'
[2025-08-16 14:40:04.472 +03:00  INF]  Route matched with {action = "GetProductList", controller = "Product"}. Executing controller action with signature System.Threading.Tasks.Task`1[Microsoft.AspNetCore.Mvc.IActionResult] GetProductList() on controller SecondTask.WebApi.Controllers.ProductController (SecondTask.WebApi).
[2025-08-16 14:40:04.481 +03:00  INF]  Executing OkObjectResult, writing value of type 'System.Collections.Generic.List`1[[SecondTask.Application.Features.CQRS.Results.ProductResults.GetProductQueryResult, SecondTask.Application, Version=1.0.0.0, Culture=neutral, PublicKeyToken=null]]'.
[2025-08-16 14:40:04.484 +03:00  INF]  Executed action SecondTask.WebApi.Controllers.ProductController.GetProductList (SecondTask.WebApi) in 9.7033ms
[2025-08-16 14:40:04.485 +03:00  INF]  Executed endpoint 'SecondTask.WebApi.Controllers.ProductController.GetProductList (SecondTask.WebApi)'
[2025-08-16 14:40:04.487 +03:00  INF]  Request finished HTTP/1.1 GET https://localhost:7109/api/Product - 200 null application/json; charset=utf-8 23.4263ms
