[2025-08-19 16:22:28.487 +03:00  INF]  User profile is available. Using 'C:\Users\muazc\AppData\Local\ASP.NET\DataProtection-Keys' as key repository and Windows DPAPI to encrypt keys at rest.
[2025-08-19 16:22:28.997 +03:00  INF]  Now listening on: https://localhost:7109
[2025-08-19 16:22:29.000 +03:00  INF]  Now listening on: http://localhost:5031
[2025-08-19 16:22:29.224 +03:00  INF]  Application started. Press Ctrl+C to shut down.
[2025-08-19 16:22:29.225 +03:00  INF]  Hosting environment: Development
[2025-08-19 16:22:29.225 +03:00  INF]  Content root path: C:\Users\muazc\OneDrive\Masaüstü\Proje ve Çalışmalarım\GitHub\SecondTask\Presentation\SecondTask.WebApi
[2025-08-19 16:22:29.590 +03:00  INF]  Request starting HTTP/2 GET https://localhost:7109/ - null null
[2025-08-19 16:22:29.999 +03:00  INF]  Request finished HTTP/2 GET https://localhost:7109/ - 404 0 null 411.6268ms
[2025-08-19 16:22:30.028 +03:00  INF]  Request reached the end of the middleware pipeline without being handled by application code. Request path: GET https://localhost:7109/, Response status code: 404
[2025-08-19 16:22:39.410 +03:00  INF]  Request starting HTTP/1.1 POST https://localhost:7109/api/Login - application/json; charset=utf-8 40
[2025-08-19 16:22:39.413 +03:00  INF]  Executing endpoint 'SecondTask.WebApi.Controllers.LoginController.Index (SecondTask.WebApi)'
[2025-08-19 16:22:39.435 +03:00  INF]  Route matched with {action = "Index", controller = "Login"}. Executing controller action with signature System.Threading.Tasks.Task`1[Microsoft.AspNetCore.Mvc.IActionResult] Index(SecondTask.Application.Features.CQRS.Queries.UserQueries.GetCheckUserQuery) on controller SecondTask.WebApi.Controllers.LoginController (SecondTask.WebApi).
[2025-08-19 16:22:40.464 +03:00  INF]  Executed DbCommand (12ms) [Parameters=[@__query_Username_0='?'], CommandType='"Text"', CommandTimeout='30']
SELECT u."Id", u."Name", u."Password", u."Surname", u."Username"
FROM "Users" AS u
WHERE u."Username" = @__query_Username_0
LIMIT 2
[2025-08-19 16:24:20.431 +03:00  INF]  User profile is available. Using 'C:\Users\muazc\AppData\Local\ASP.NET\DataProtection-Keys' as key repository and Windows DPAPI to encrypt keys at rest.
[2025-08-19 16:24:20.980 +03:00  INF]  Now listening on: https://localhost:7109
[2025-08-19 16:24:20.981 +03:00  INF]  Now listening on: http://localhost:5031
[2025-08-19 16:24:21.394 +03:00  INF]  Application started. Press Ctrl+C to shut down.
[2025-08-19 16:24:21.394 +03:00  INF]  Hosting environment: Development
[2025-08-19 16:24:21.394 +03:00  INF]  Content root path: C:\Users\muazc\OneDrive\Masaüstü\Proje ve Çalışmalarım\GitHub\SecondTask\Presentation\SecondTask.WebApi
[2025-08-19 16:24:21.737 +03:00  INF]  Request starting HTTP/2 GET https://localhost:7109/ - null null
[2025-08-19 16:24:22.069 +03:00  INF]  Request finished HTTP/2 GET https://localhost:7109/ - 404 0 null 331.3387ms
[2025-08-19 16:24:22.083 +03:00  INF]  Request reached the end of the middleware pipeline without being handled by application code. Request path: GET https://localhost:7109/, Response status code: 404
[2025-08-19 16:24:28.674 +03:00  INF]  Request starting HTTP/1.1 POST https://localhost:7109/api/Login - application/json; charset=utf-8 38
[2025-08-19 16:24:28.678 +03:00  INF]  Executing endpoint 'SecondTask.WebApi.Controllers.LoginController.Index (SecondTask.WebApi)'
[2025-08-19 16:24:28.699 +03:00  INF]  Route matched with {action = "Index", controller = "Login"}. Executing controller action with signature System.Threading.Tasks.Task`1[Microsoft.AspNetCore.Mvc.IActionResult] Index(SecondTask.Application.Features.CQRS.Queries.UserQueries.GetCheckUserQuery) on controller SecondTask.WebApi.Controllers.LoginController (SecondTask.WebApi).
[2025-08-19 16:24:29.546 +03:00  INF]  Executed DbCommand (12ms) [Parameters=[@__query_Username_0='?'], CommandType='"Text"', CommandTimeout='30']
SELECT u."Id", u."Name", u."Password", u."Surname", u."Username"
FROM "Users" AS u
WHERE u."Username" = @__query_Username_0
LIMIT 2
[2025-08-19 16:24:29.905 +03:00  INF]  Executing CreatedResult, writing value of type 'SecondTask.Application.Dtos.TokenResponseDto'.
[2025-08-19 16:24:29.916 +03:00  INF]  Executed action SecondTask.WebApi.Controllers.LoginController.Index (SecondTask.WebApi) in 1214.6313ms
[2025-08-19 16:24:29.917 +03:00  INF]  Executed endpoint 'SecondTask.WebApi.Controllers.LoginController.Index (SecondTask.WebApi)'
[2025-08-19 16:24:29.924 +03:00  INF]  Request finished HTTP/1.1 POST https://localhost:7109/api/Login - 201 null application/json; charset=utf-8 1249.9312ms
[2025-08-19 16:24:30.049 +03:00  INF]  Request starting HTTP/1.1 GET https://localhost:7109/api/Product - null null
[2025-08-19 16:24:30.051 +03:00  INF]  Executing endpoint 'SecondTask.WebApi.Controllers.ProductController.GetProductList (SecondTask.WebApi)'
[2025-08-19 16:24:30.054 +03:00  INF]  Route matched with {action = "GetProductList", controller = "Product"}. Executing controller action with signature System.Threading.Tasks.Task`1[Microsoft.AspNetCore.Mvc.IActionResult] GetProductList() on controller SecondTask.WebApi.Controllers.ProductController (SecondTask.WebApi).
[2025-08-19 16:24:30.325 +03:00  INF]  Executed DbCommand (2ms) [Parameters=[], CommandType='"Text"', CommandTimeout='30']
SELECT p."Id", p."Brand", p."Description", p."Price", p."ProductName", p."Status"
FROM "Products" AS p
[2025-08-19 16:24:30.422 +03:00  INF]  Executing OkObjectResult, writing value of type 'System.Collections.Generic.List`1[[SecondTask.Application.Features.CQRS.Results.ProductResults.GetProductQueryResult, SecondTask.Application, Version=1.0.0.0, Culture=neutral, PublicKeyToken=null]]'.
[2025-08-19 16:24:30.429 +03:00  INF]  Executed action SecondTask.WebApi.Controllers.ProductController.GetProductList (SecondTask.WebApi) in 374.1339ms
[2025-08-19 16:24:30.429 +03:00  INF]  Executed endpoint 'SecondTask.WebApi.Controllers.ProductController.GetProductList (SecondTask.WebApi)'
[2025-08-19 16:24:30.430 +03:00  INF]  Request finished HTTP/1.1 GET https://localhost:7109/api/Product - 200 null application/json; charset=utf-8 380.9501ms
[2025-08-19 16:24:33.993 +03:00  INF]  Request starting HTTP/1.1 GET https://localhost:7109/api/Product/1 - null null
[2025-08-19 16:24:33.994 +03:00  INF]  Executing endpoint 'SecondTask.WebApi.Controllers.ProductController.GetProductList (SecondTask.WebApi)'
[2025-08-19 16:24:33.999 +03:00  INF]  Route matched with {action = "GetProductList", controller = "Product"}. Executing controller action with signature System.Threading.Tasks.Task`1[Microsoft.AspNetCore.Mvc.IActionResult] GetProductList(Int32) on controller SecondTask.WebApi.Controllers.ProductController (SecondTask.WebApi).
[2025-08-19 16:24:34.050 +03:00  INF]  Executed DbCommand (1ms) [Parameters=[@__p_0='?' (DbType = Int32)], CommandType='"Text"', CommandTimeout='30']
SELECT p."Id", p."Brand", p."Description", p."Price", p."ProductName", p."Status"
FROM "Products" AS p
WHERE p."Id" = @__p_0
LIMIT 1
[2025-08-19 16:24:34.055 +03:00  INF]  Executing OkObjectResult, writing value of type 'SecondTask.Application.Features.CQRS.Results.ProductResults.GetProductByIdQueryResult'.
[2025-08-19 16:24:34.056 +03:00  INF]  Executed action SecondTask.WebApi.Controllers.ProductController.GetProductList (SecondTask.WebApi) in 57.0441ms
[2025-08-19 16:24:34.056 +03:00  INF]  Executed endpoint 'SecondTask.WebApi.Controllers.ProductController.GetProductList (SecondTask.WebApi)'
[2025-08-19 16:24:34.057 +03:00  INF]  Request finished HTTP/1.1 GET https://localhost:7109/api/Product/1 - 200 null application/json; charset=utf-8 63.5787ms
[2025-08-19 16:24:35.391 +03:00  INF]  Request starting HTTP/1.1 PUT https://localhost:7109/api/Product - application/json; charset=utf-8 102
[2025-08-19 16:24:35.392 +03:00  INF]  Executing endpoint 'SecondTask.WebApi.Controllers.ProductController.UpdateProduct (SecondTask.WebApi)'
[2025-08-19 16:24:35.396 +03:00  INF]  Route matched with {action = "UpdateProduct", controller = "Product"}. Executing controller action with signature System.Threading.Tasks.Task`1[Microsoft.AspNetCore.Mvc.IActionResult] UpdateProduct(SecondTask.Application.Features.CQRS.Commands.ProductCommands.UpdateProductCommand) on controller SecondTask.WebApi.Controllers.ProductController (SecondTask.WebApi).
[2025-08-19 16:24:35.413 +03:00  INF]  Executed DbCommand (1ms) [Parameters=[@__p_0='?' (DbType = Int32)], CommandType='"Text"', CommandTimeout='30']
SELECT p."Id", p."Brand", p."Description", p."Price", p."ProductName", p."Status"
FROM "Products" AS p
WHERE p."Id" = @__p_0
LIMIT 1
[2025-08-19 16:24:35.490 +03:00  INF]  Executed DbCommand (11ms) [Parameters=[@p5='?' (DbType = Int32), @p0='?', @p1='?', @p2='?' (DbType = Decimal), @p3='?', @p4='?' (DbType = Boolean)], CommandType='"Text"', CommandTimeout='30']
UPDATE "Products" SET "Brand" = @p0, "Description" = @p1, "Price" = @p2, "ProductName" = @p3, "Status" = @p4
WHERE "Id" = @p5;
[2025-08-19 16:24:35.501 +03:00  INF]  Executing OkObjectResult, writing value of type 'System.String'.
[2025-08-19 16:24:35.501 +03:00  INF]  Executed action SecondTask.WebApi.Controllers.ProductController.UpdateProduct (SecondTask.WebApi) in 105.4431ms
[2025-08-19 16:24:35.502 +03:00  INF]  Executed endpoint 'SecondTask.WebApi.Controllers.ProductController.UpdateProduct (SecondTask.WebApi)'
[2025-08-19 16:24:35.502 +03:00  INF]  Request finished HTTP/1.1 PUT https://localhost:7109/api/Product - 200 null text/plain; charset=utf-8 110.7622ms
[2025-08-19 16:24:35.518 +03:00  INF]  Request starting HTTP/1.1 GET https://localhost:7109/api/Product - null null
[2025-08-19 16:24:35.518 +03:00  INF]  Executing endpoint 'SecondTask.WebApi.Controllers.ProductController.GetProductList (SecondTask.WebApi)'
[2025-08-19 16:24:35.518 +03:00  INF]  Route matched with {action = "GetProductList", controller = "Product"}. Executing controller action with signature System.Threading.Tasks.Task`1[Microsoft.AspNetCore.Mvc.IActionResult] GetProductList() on controller SecondTask.WebApi.Controllers.ProductController (SecondTask.WebApi).
[2025-08-19 16:24:35.522 +03:00  INF]  Executed DbCommand (1ms) [Parameters=[], CommandType='"Text"', CommandTimeout='30']
SELECT p."Id", p."Brand", p."Description", p."Price", p."ProductName", p."Status"
FROM "Products" AS p
[2025-08-19 16:24:35.524 +03:00  INF]  Executing OkObjectResult, writing value of type 'System.Collections.Generic.List`1[[SecondTask.Application.Features.CQRS.Results.ProductResults.GetProductQueryResult, SecondTask.Application, Version=1.0.0.0, Culture=neutral, PublicKeyToken=null]]'.
[2025-08-19 16:24:35.525 +03:00  INF]  Executed action SecondTask.WebApi.Controllers.ProductController.GetProductList (SecondTask.WebApi) in 6.6319ms
[2025-08-19 16:24:35.525 +03:00  INF]  Executed endpoint 'SecondTask.WebApi.Controllers.ProductController.GetProductList (SecondTask.WebApi)'
[2025-08-19 16:24:35.525 +03:00  INF]  Request finished HTTP/1.1 GET https://localhost:7109/api/Product - 200 null application/json; charset=utf-8 7.3165ms
[2025-08-19 16:24:37.118 +03:00  INF]  Request starting HTTP/1.1 GET https://localhost:7109/api/Product/1 - null null
[2025-08-19 16:24:37.118 +03:00  INF]  Executing endpoint 'SecondTask.WebApi.Controllers.ProductController.GetProductList (SecondTask.WebApi)'
[2025-08-19 16:24:37.119 +03:00  INF]  Route matched with {action = "GetProductList", controller = "Product"}. Executing controller action with signature System.Threading.Tasks.Task`1[Microsoft.AspNetCore.Mvc.IActionResult] GetProductList(Int32) on controller SecondTask.WebApi.Controllers.ProductController (SecondTask.WebApi).
[2025-08-19 16:24:37.123 +03:00  INF]  Executed DbCommand (1ms) [Parameters=[@__p_0='?' (DbType = Int32)], CommandType='"Text"', CommandTimeout='30']
SELECT p."Id", p."Brand", p."Description", p."Price", p."ProductName", p."Status"
FROM "Products" AS p
WHERE p."Id" = @__p_0
LIMIT 1
[2025-08-19 16:24:37.125 +03:00  INF]  Executing OkObjectResult, writing value of type 'SecondTask.Application.Features.CQRS.Results.ProductResults.GetProductByIdQueryResult'.
[2025-08-19 16:24:37.126 +03:00  INF]  Executed action SecondTask.WebApi.Controllers.ProductController.GetProductList (SecondTask.WebApi) in 6.9706ms
[2025-08-19 16:24:37.126 +03:00  INF]  Executed endpoint 'SecondTask.WebApi.Controllers.ProductController.GetProductList (SecondTask.WebApi)'
[2025-08-19 16:24:37.126 +03:00  INF]  Request finished HTTP/1.1 GET https://localhost:7109/api/Product/1 - 200 null application/json; charset=utf-8 7.8111ms
[2025-08-19 16:24:38.911 +03:00  INF]  Request starting HTTP/1.1 DELETE https://localhost:7109/api/Product/9 - null null
[2025-08-19 16:24:38.911 +03:00  INF]  Executing endpoint 'SecondTask.WebApi.Controllers.ProductController.DeleteProduct (SecondTask.WebApi)'
[2025-08-19 16:24:38.915 +03:00  INF]  Route matched with {action = "DeleteProduct", controller = "Product"}. Executing controller action with signature System.Threading.Tasks.Task`1[Microsoft.AspNetCore.Mvc.IActionResult] DeleteProduct(Int32) on controller SecondTask.WebApi.Controllers.ProductController (SecondTask.WebApi).
[2025-08-19 16:24:38.918 +03:00  INF]  Executed DbCommand (1ms) [Parameters=[@__p_0='?' (DbType = Int32)], CommandType='"Text"', CommandTimeout='30']
SELECT p."Id", p."Brand", p."Description", p."Price", p."ProductName", p."Status"
FROM "Products" AS p
WHERE p."Id" = @__p_0
LIMIT 1
[2025-08-19 16:24:38.938 +03:00  INF]  Executed DbCommand (1ms) [Parameters=[@p0='?' (DbType = Int32)], CommandType='"Text"', CommandTimeout='30']
DELETE FROM "Products"
WHERE "Id" = @p0;
[2025-08-19 16:24:38.945 +03:00  INF]  Executing OkObjectResult, writing value of type 'System.String'.
[2025-08-19 16:24:38.945 +03:00  INF]  Executed action SecondTask.WebApi.Controllers.ProductController.DeleteProduct (SecondTask.WebApi) in 30.2274ms
[2025-08-19 16:24:38.945 +03:00  INF]  Executed endpoint 'SecondTask.WebApi.Controllers.ProductController.DeleteProduct (SecondTask.WebApi)'
[2025-08-19 16:24:38.945 +03:00  INF]  Request finished HTTP/1.1 DELETE https://localhost:7109/api/Product/9 - 200 null text/plain; charset=utf-8 34.6281ms
[2025-08-19 16:24:38.963 +03:00  INF]  Request starting HTTP/1.1 GET https://localhost:7109/api/Product - null null
[2025-08-19 16:24:38.963 +03:00  INF]  Executing endpoint 'SecondTask.WebApi.Controllers.ProductController.GetProductList (SecondTask.WebApi)'
[2025-08-19 16:24:38.964 +03:00  INF]  Route matched with {action = "GetProductList", controller = "Product"}. Executing controller action with signature System.Threading.Tasks.Task`1[Microsoft.AspNetCore.Mvc.IActionResult] GetProductList() on controller SecondTask.WebApi.Controllers.ProductController (SecondTask.WebApi).
[2025-08-19 16:24:38.969 +03:00  INF]  Executed DbCommand (1ms) [Parameters=[], CommandType='"Text"', CommandTimeout='30']
SELECT p."Id", p."Brand", p."Description", p."Price", p."ProductName", p."Status"
FROM "Products" AS p
[2025-08-19 16:24:38.971 +03:00  INF]  Executing OkObjectResult, writing value of type 'System.Collections.Generic.List`1[[SecondTask.Application.Features.CQRS.Results.ProductResults.GetProductQueryResult, SecondTask.Application, Version=1.0.0.0, Culture=neutral, PublicKeyToken=null]]'.
[2025-08-19 16:24:38.971 +03:00  INF]  Executed action SecondTask.WebApi.Controllers.ProductController.GetProductList (SecondTask.WebApi) in 7.4047ms
[2025-08-19 16:24:38.971 +03:00  INF]  Executed endpoint 'SecondTask.WebApi.Controllers.ProductController.GetProductList (SecondTask.WebApi)'
[2025-08-19 16:24:38.972 +03:00  INF]  Request finished HTTP/1.1 GET https://localhost:7109/api/Product - 200 null application/json; charset=utf-8 8.9093ms
[2025-08-19 16:40:38.392 +03:00  INF]  User profile is available. Using 'C:\Users\muazc\AppData\Local\ASP.NET\DataProtection-Keys' as key repository and Windows DPAPI to encrypt keys at rest.
[2025-08-19 16:40:38.802 +03:00  INF]  Now listening on: https://localhost:7109
[2025-08-19 16:40:38.803 +03:00  INF]  Now listening on: http://localhost:5031
[2025-08-19 16:40:39.026 +03:00  INF]  Application started. Press Ctrl+C to shut down.
[2025-08-19 16:40:39.027 +03:00  INF]  Hosting environment: Development
[2025-08-19 16:40:39.027 +03:00  INF]  Content root path: C:\Users\muazc\OneDrive\Masaüstü\Proje ve Çalışmalarım\GitHub\SecondTask\Presentation\SecondTask.WebApi
[2025-08-19 16:40:39.630 +03:00  INF]  Request starting HTTP/2 GET https://localhost:7109/ - null null
[2025-08-19 16:40:40.042 +03:00  INF]  Request finished HTTP/2 GET https://localhost:7109/ - 404 0 null 413.2682ms
[2025-08-19 16:40:40.064 +03:00  INF]  Request reached the end of the middleware pipeline without being handled by application code. Request path: GET https://localhost:7109/, Response status code: 404
[2025-08-19 16:40:52.814 +03:00  INF]  Request starting HTTP/1.1 POST https://localhost:7109/api/Login - application/json; charset=utf-8 38
[2025-08-19 16:40:52.818 +03:00  INF]  Executing endpoint 'SecondTask.WebApi.Controllers.LoginController.Index (SecondTask.WebApi)'
[2025-08-19 16:40:52.841 +03:00  INF]  Route matched with {action = "Index", controller = "Login"}. Executing controller action with signature System.Threading.Tasks.Task`1[Microsoft.AspNetCore.Mvc.IActionResult] Index(SecondTask.Application.Features.CQRS.Queries.UserQueries.GetCheckUserQuery) on controller SecondTask.WebApi.Controllers.LoginController (SecondTask.WebApi).
[2025-08-19 16:40:53.706 +03:00  INF]  Executed DbCommand (9ms) [Parameters=[@__query_Username_0='?'], CommandType='"Text"', CommandTimeout='30']
SELECT u."Id", u."Name", u."Password", u."Surname", u."Username"
FROM "Users" AS u
WHERE u."Username" = @__query_Username_0
LIMIT 2
[2025-08-19 16:40:54.064 +03:00  INF]  Executing CreatedResult, writing value of type 'SecondTask.Application.Dtos.TokenResponseDto'.
[2025-08-19 16:40:54.076 +03:00  INF]  Executed action SecondTask.WebApi.Controllers.LoginController.Index (SecondTask.WebApi) in 1232.628ms
[2025-08-19 16:40:54.077 +03:00  INF]  Executed endpoint 'SecondTask.WebApi.Controllers.LoginController.Index (SecondTask.WebApi)'
[2025-08-19 16:40:54.084 +03:00  INF]  Request finished HTTP/1.1 POST https://localhost:7109/api/Login - 201 null application/json; charset=utf-8 1270.2541ms
[2025-08-19 16:40:54.213 +03:00  INF]  Request starting HTTP/1.1 GET https://localhost:7109/api/Product - null null
[2025-08-19 16:40:54.216 +03:00  INF]  Executing endpoint 'SecondTask.WebApi.Controllers.ProductController.GetProductList (SecondTask.WebApi)'
[2025-08-19 16:40:54.219 +03:00  INF]  Route matched with {action = "GetProductList", controller = "Product"}. Executing controller action with signature System.Threading.Tasks.Task`1[Microsoft.AspNetCore.Mvc.IActionResult] GetProductList() on controller SecondTask.WebApi.Controllers.ProductController (SecondTask.WebApi).
[2025-08-19 16:40:54.477 +03:00  INF]  Executed DbCommand (3ms) [Parameters=[], CommandType='"Text"', CommandTimeout='30']
SELECT p."Id", p."Brand", p."Description", p."Price", p."ProductName", p."Status"
FROM "Products" AS p
[2025-08-19 16:40:54.581 +03:00  INF]  Executing OkObjectResult, writing value of type 'System.Collections.Generic.List`1[[SecondTask.Application.Features.CQRS.Results.ProductResults.GetProductQueryResult, SecondTask.Application, Version=1.0.0.0, Culture=neutral, PublicKeyToken=null]]'.
[2025-08-19 16:40:54.587 +03:00  INF]  Executed action SecondTask.WebApi.Controllers.ProductController.GetProductList (SecondTask.WebApi) in 367.2941ms
[2025-08-19 16:40:54.587 +03:00  INF]  Executed endpoint 'SecondTask.WebApi.Controllers.ProductController.GetProductList (SecondTask.WebApi)'
[2025-08-19 16:40:54.587 +03:00  INF]  Request finished HTTP/1.1 GET https://localhost:7109/api/Product - 200 null application/json; charset=utf-8 374.462ms
[2025-08-19 16:41:08.530 +03:00  INF]  Request starting HTTP/1.1 POST https://localhost:7109/api/Register - application/json; charset=utf-8 79
[2025-08-19 16:41:08.530 +03:00  INF]  Executing endpoint 'SecondTask.WebApi.Controllers.RegisterController.CreateUser (SecondTask.WebApi)'
[2025-08-19 16:41:08.534 +03:00  INF]  Route matched with {action = "CreateUser", controller = "Register"}. Executing controller action with signature System.Threading.Tasks.Task`1[Microsoft.AspNetCore.Mvc.IActionResult] CreateUser(SecondTask.Application.Features.CQRS.Commands.UserCommands.CreateUserCommand) on controller SecondTask.WebApi.Controllers.RegisterController (SecondTask.WebApi).
[2025-08-19 16:41:08.888 +03:00  INF]  Executed DbCommand (6ms) [Parameters=[@p0='?', @p1='?', @p2='?', @p3='?'], CommandType='"Text"', CommandTimeout='30']
INSERT INTO "Users" ("Name", "Password", "Surname", "Username")
VALUES (@p0, @p1, @p2, @p3)
RETURNING "Id";
[2025-08-19 16:41:08.905 +03:00  INF]  Executing OkObjectResult, writing value of type 'System.String'.
[2025-08-19 16:41:08.906 +03:00  INF]  Executed action SecondTask.WebApi.Controllers.RegisterController.CreateUser (SecondTask.WebApi) in 372.1587ms
[2025-08-19 16:41:08.906 +03:00  INF]  Executed endpoint 'SecondTask.WebApi.Controllers.RegisterController.CreateUser (SecondTask.WebApi)'
[2025-08-19 16:41:08.906 +03:00  INF]  Request finished HTTP/1.1 POST https://localhost:7109/api/Register - 200 null text/plain; charset=utf-8 376.4509ms
[2025-08-19 16:41:16.270 +03:00  INF]  Request starting HTTP/1.1 POST https://localhost:7109/api/Login - application/json; charset=utf-8 46
[2025-08-19 16:41:16.271 +03:00  INF]  Executing endpoint 'SecondTask.WebApi.Controllers.LoginController.Index (SecondTask.WebApi)'
[2025-08-19 16:41:16.271 +03:00  INF]  Route matched with {action = "Index", controller = "Login"}. Executing controller action with signature System.Threading.Tasks.Task`1[Microsoft.AspNetCore.Mvc.IActionResult] Index(SecondTask.Application.Features.CQRS.Queries.UserQueries.GetCheckUserQuery) on controller SecondTask.WebApi.Controllers.LoginController (SecondTask.WebApi).
[2025-08-19 16:41:16.278 +03:00  INF]  Executed DbCommand (1ms) [Parameters=[@__query_Username_0='?'], CommandType='"Text"', CommandTimeout='30']
SELECT u."Id", u."Name", u."Password", u."Surname", u."Username"
FROM "Users" AS u
WHERE u."Username" = @__query_Username_0
LIMIT 2
[2025-08-19 16:41:16.405 +03:00  INF]  Executing CreatedResult, writing value of type 'SecondTask.Application.Dtos.TokenResponseDto'.
[2025-08-19 16:41:16.405 +03:00  INF]  Executed action SecondTask.WebApi.Controllers.LoginController.Index (SecondTask.WebApi) in 134.049ms
[2025-08-19 16:41:16.405 +03:00  INF]  Executed endpoint 'SecondTask.WebApi.Controllers.LoginController.Index (SecondTask.WebApi)'
[2025-08-19 16:41:16.406 +03:00  INF]  Request finished HTTP/1.1 POST https://localhost:7109/api/Login - 201 null application/json; charset=utf-8 136.1359ms
[2025-08-19 16:41:16.424 +03:00  INF]  Request starting HTTP/1.1 GET https://localhost:7109/api/Product - null null
[2025-08-19 16:41:16.424 +03:00  INF]  Executing endpoint 'SecondTask.WebApi.Controllers.ProductController.GetProductList (SecondTask.WebApi)'
[2025-08-19 16:41:16.425 +03:00  INF]  Route matched with {action = "GetProductList", controller = "Product"}. Executing controller action with signature System.Threading.Tasks.Task`1[Microsoft.AspNetCore.Mvc.IActionResult] GetProductList() on controller SecondTask.WebApi.Controllers.ProductController (SecondTask.WebApi).
[2025-08-19 16:41:16.456 +03:00  INF]  Executing OkObjectResult, writing value of type 'System.Collections.Generic.List`1[[SecondTask.Application.Features.CQRS.Results.ProductResults.GetProductQueryResult, SecondTask.Application, Version=1.0.0.0, Culture=neutral, PublicKeyToken=null]]'.
[2025-08-19 16:41:16.457 +03:00  INF]  Executed action SecondTask.WebApi.Controllers.ProductController.GetProductList (SecondTask.WebApi) in 32.0935ms
[2025-08-19 16:41:16.457 +03:00  INF]  Executed endpoint 'SecondTask.WebApi.Controllers.ProductController.GetProductList (SecondTask.WebApi)'
[2025-08-19 16:41:16.457 +03:00  INF]  Request finished HTTP/1.1 GET https://localhost:7109/api/Product - 200 null application/json; charset=utf-8 32.7759ms
[2025-08-19 16:42:04.102 +03:00  INF]  Request starting HTTP/1.1 GET https://localhost:7109/api/Product - null null
[2025-08-19 16:42:04.103 +03:00  INF]  Executing endpoint 'SecondTask.WebApi.Controllers.ProductController.GetProductList (SecondTask.WebApi)'
[2025-08-19 16:42:04.103 +03:00  INF]  Route matched with {action = "GetProductList", controller = "Product"}. Executing controller action with signature System.Threading.Tasks.Task`1[Microsoft.AspNetCore.Mvc.IActionResult] GetProductList() on controller SecondTask.WebApi.Controllers.ProductController (SecondTask.WebApi).
[2025-08-19 16:42:04.111 +03:00  INF]  Executing OkObjectResult, writing value of type 'System.Collections.Generic.List`1[[SecondTask.Application.Features.CQRS.Results.ProductResults.GetProductQueryResult, SecondTask.Application, Version=1.0.0.0, Culture=neutral, PublicKeyToken=null]]'.
[2025-08-19 16:42:04.111 +03:00  INF]  Executed action SecondTask.WebApi.Controllers.ProductController.GetProductList (SecondTask.WebApi) in 7.56ms
[2025-08-19 16:42:04.111 +03:00  INF]  Executed endpoint 'SecondTask.WebApi.Controllers.ProductController.GetProductList (SecondTask.WebApi)'
[2025-08-19 16:42:04.111 +03:00  INF]  Request finished HTTP/1.1 GET https://localhost:7109/api/Product - 200 null application/json; charset=utf-8 9.0121ms
[2025-08-19 16:42:32.490 +03:00  INF]  Request starting HTTP/1.1 POST https://localhost:7109/api/Login - application/json 60
[2025-08-19 16:42:32.491 +03:00  INF]  Executing endpoint 'SecondTask.WebApi.Controllers.LoginController.Index (SecondTask.WebApi)'
[2025-08-19 16:42:32.491 +03:00  INF]  Route matched with {action = "Index", controller = "Login"}. Executing controller action with signature System.Threading.Tasks.Task`1[Microsoft.AspNetCore.Mvc.IActionResult] Index(SecondTask.Application.Features.CQRS.Queries.UserQueries.GetCheckUserQuery) on controller SecondTask.WebApi.Controllers.LoginController (SecondTask.WebApi).
[2025-08-19 16:42:32.496 +03:00  INF]  Executed DbCommand (1ms) [Parameters=[@__query_Username_0='?'], CommandType='"Text"', CommandTimeout='30']
SELECT u."Id", u."Name", u."Password", u."Surname", u."Username"
FROM "Users" AS u
WHERE u."Username" = @__query_Username_0
LIMIT 2
[2025-08-19 16:42:32.621 +03:00  INF]  Executing CreatedResult, writing value of type 'SecondTask.Application.Dtos.TokenResponseDto'.
[2025-08-19 16:42:32.622 +03:00  INF]  Executed action SecondTask.WebApi.Controllers.LoginController.Index (SecondTask.WebApi) in 130.9037ms
[2025-08-19 16:42:32.622 +03:00  INF]  Executed endpoint 'SecondTask.WebApi.Controllers.LoginController.Index (SecondTask.WebApi)'
[2025-08-19 16:42:32.622 +03:00  INF]  Request finished HTTP/1.1 POST https://localhost:7109/api/Login - 201 null application/json; charset=utf-8 131.6101ms
[2025-08-19 16:43:48.099 +03:00  INF]  Request starting HTTP/1.1 POST https://localhost:7109/api/Login - application/json; charset=utf-8 46
[2025-08-19 16:43:48.100 +03:00  INF]  Executing endpoint 'SecondTask.WebApi.Controllers.LoginController.Index (SecondTask.WebApi)'
[2025-08-19 16:43:48.100 +03:00  INF]  Route matched with {action = "Index", controller = "Login"}. Executing controller action with signature System.Threading.Tasks.Task`1[Microsoft.AspNetCore.Mvc.IActionResult] Index(SecondTask.Application.Features.CQRS.Queries.UserQueries.GetCheckUserQuery) on controller SecondTask.WebApi.Controllers.LoginController (SecondTask.WebApi).
[2025-08-19 16:43:48.102 +03:00  INF]  Executed DbCommand (1ms) [Parameters=[@__query_Username_0='?'], CommandType='"Text"', CommandTimeout='30']
SELECT u."Id", u."Name", u."Password", u."Surname", u."Username"
FROM "Users" AS u
WHERE u."Username" = @__query_Username_0
LIMIT 2
[2025-08-19 16:43:48.230 +03:00  INF]  Executing CreatedResult, writing value of type 'SecondTask.Application.Dtos.TokenResponseDto'.
[2025-08-19 16:43:48.230 +03:00  INF]  Executed action SecondTask.WebApi.Controllers.LoginController.Index (SecondTask.WebApi) in 130.3079ms
[2025-08-19 16:43:48.230 +03:00  INF]  Executed endpoint 'SecondTask.WebApi.Controllers.LoginController.Index (SecondTask.WebApi)'
[2025-08-19 16:43:48.231 +03:00  INF]  Request finished HTTP/1.1 POST https://localhost:7109/api/Login - 201 null application/json; charset=utf-8 131.0252ms
[2025-08-19 16:43:48.249 +03:00  INF]  Request starting HTTP/1.1 GET https://localhost:7109/api/Product - null null
[2025-08-19 16:43:48.250 +03:00  INF]  Executing endpoint 'SecondTask.WebApi.Controllers.ProductController.GetProductList (SecondTask.WebApi)'
[2025-08-19 16:43:48.252 +03:00  INF]  Route matched with {action = "GetProductList", controller = "Product"}. Executing controller action with signature System.Threading.Tasks.Task`1[Microsoft.AspNetCore.Mvc.IActionResult] GetProductList() on controller SecondTask.WebApi.Controllers.ProductController (SecondTask.WebApi).
[2025-08-19 16:43:48.257 +03:00  INF]  Executing OkObjectResult, writing value of type 'System.Collections.Generic.List`1[[SecondTask.Application.Features.CQRS.Results.ProductResults.GetProductQueryResult, SecondTask.Application, Version=1.0.0.0, Culture=neutral, PublicKeyToken=null]]'.
[2025-08-19 16:43:48.258 +03:00  INF]  Executed action SecondTask.WebApi.Controllers.ProductController.GetProductList (SecondTask.WebApi) in 4.6721ms
[2025-08-19 16:43:48.258 +03:00  INF]  Executed endpoint 'SecondTask.WebApi.Controllers.ProductController.GetProductList (SecondTask.WebApi)'
[2025-08-19 16:43:48.258 +03:00  INF]  Request finished HTTP/1.1 GET https://localhost:7109/api/Product - 200 null application/json; charset=utf-8 8.6773ms
[2025-08-19 16:46:01.873 +03:00  INF]  Request starting HTTP/1.1 POST https://localhost:7109/api/Login - application/json 60
[2025-08-19 16:46:01.881 +03:00  INF]  Executing endpoint 'SecondTask.WebApi.Controllers.LoginController.Index (SecondTask.WebApi)'
[2025-08-19 16:46:01.882 +03:00  INF]  Route matched with {action = "Index", controller = "Login"}. Executing controller action with signature System.Threading.Tasks.Task`1[Microsoft.AspNetCore.Mvc.IActionResult] Index(SecondTask.Application.Features.CQRS.Queries.UserQueries.GetCheckUserQuery) on controller SecondTask.WebApi.Controllers.LoginController (SecondTask.WebApi).
[2025-08-19 16:46:01.967 +03:00  INF]  Executed DbCommand (3ms) [Parameters=[@__query_Username_0='?'], CommandType='"Text"', CommandTimeout='30']
SELECT u."Id", u."Name", u."Password", u."Surname", u."Username"
FROM "Users" AS u
WHERE u."Username" = @__query_Username_0
LIMIT 2
[2025-08-19 16:46:02.094 +03:00  INF]  Executing CreatedResult, writing value of type 'SecondTask.Application.Dtos.TokenResponseDto'.
[2025-08-19 16:46:02.094 +03:00  INF]  Executed action SecondTask.WebApi.Controllers.LoginController.Index (SecondTask.WebApi) in 212.0988ms
[2025-08-19 16:46:02.094 +03:00  INF]  Executed endpoint 'SecondTask.WebApi.Controllers.LoginController.Index (SecondTask.WebApi)'
[2025-08-19 16:46:02.094 +03:00  INF]  Request finished HTTP/1.1 POST https://localhost:7109/api/Login - 201 null application/json; charset=utf-8 220.9745ms
[2025-08-19 16:48:24.554 +03:00  INF]  Request starting HTTP/1.1 POST https://localhost:7109/api/Register - application/json 105
[2025-08-19 16:48:24.554 +03:00  INF]  Executing endpoint 'SecondTask.WebApi.Controllers.RegisterController.CreateUser (SecondTask.WebApi)'
[2025-08-19 16:48:24.554 +03:00  INF]  Route matched with {action = "CreateUser", controller = "Register"}. Executing controller action with signature System.Threading.Tasks.Task`1[Microsoft.AspNetCore.Mvc.IActionResult] CreateUser(SecondTask.Application.Features.CQRS.Commands.UserCommands.CreateUserCommand) on controller SecondTask.WebApi.Controllers.RegisterController (SecondTask.WebApi).
[2025-08-19 16:48:24.684 +03:00  INF]  Executed DbCommand (2ms) [Parameters=[@p0='?', @p1='?', @p2='?', @p3='?'], CommandType='"Text"', CommandTimeout='30']
INSERT INTO "Users" ("Name", "Password", "Surname", "Username")
VALUES (@p0, @p1, @p2, @p3)
RETURNING "Id";
[2025-08-19 16:48:24.685 +03:00  INF]  Executing OkObjectResult, writing value of type 'System.String'.
[2025-08-19 16:48:24.685 +03:00  INF]  Executed action SecondTask.WebApi.Controllers.RegisterController.CreateUser (SecondTask.WebApi) in 130.5576ms
[2025-08-19 16:48:24.685 +03:00  INF]  Executed endpoint 'SecondTask.WebApi.Controllers.RegisterController.CreateUser (SecondTask.WebApi)'
[2025-08-19 16:48:24.685 +03:00  INF]  Request finished HTTP/1.1 POST https://localhost:7109/api/Register - 200 null text/plain; charset=utf-8 131.1015ms
[2025-08-19 16:50:27.803 +03:00  INF]  Request starting HTTP/2 GET https://localhost:7109/swagger/index.html - null null
[2025-08-19 16:50:27.896 +03:00  INF]  Request finished HTTP/2 GET https://localhost:7109/swagger/index.html - 200 null text/html;charset=utf-8 92.6153ms
[2025-08-19 16:50:27.969 +03:00  INF]  Request starting HTTP/2 GET https://localhost:7109/swagger/swagger-ui.css - null null
[2025-08-19 16:50:27.971 +03:00  INF]  Request starting HTTP/2 GET https://localhost:7109/swagger/index.css - null null
[2025-08-19 16:50:28.034 +03:00  INF]  Request starting HTTP/2 GET https://localhost:7109/swagger/swagger-ui-bundle.js - null null
[2025-08-19 16:50:28.035 +03:00  INF]  Request starting HTTP/2 GET https://localhost:7109/swagger/swagger-ui-standalone-preset.js - null null
[2025-08-19 16:50:28.040 +03:00  INF]  Request starting HTTP/2 GET https://localhost:7109/swagger/index.js - null null
[2025-08-19 16:50:28.126 +03:00  INF]  Request finished HTTP/2 GET https://localhost:7109/swagger/index.js - 200 null application/javascript;charset=utf-8 86.2293ms
[2025-08-19 16:50:28.127 +03:00  INF]  Request starting HTTP/2 GET https://localhost:7109/_framework/aspnetcore-browser-refresh.js - null null
[2025-08-19 16:50:28.127 +03:00  INF]  Request starting HTTP/2 GET https://localhost:7109/_vs/browserLink - null null
[2025-08-19 16:50:28.140 +03:00  INF]  Request finished HTTP/2 GET https://localhost:7109/swagger/index.css - 200 202 text/css 169.2011ms
[2025-08-19 16:50:28.156 +03:00  INF]  Request finished HTTP/2 GET https://localhost:7109/_framework/aspnetcore-browser-refresh.js - 200 13786 application/javascript; charset=utf-8 29.6055ms
[2025-08-19 16:50:28.157 +03:00  INF]  Request finished HTTP/2 GET https://localhost:7109/swagger/swagger-ui.css - 200 155175 text/css 188.1548ms
[2025-08-19 16:50:28.157 +03:00  INF]  Request finished HTTP/2 GET https://localhost:7109/swagger/swagger-ui-standalone-preset.js - 200 229223 text/javascript 122.148ms
[2025-08-19 16:50:28.170 +03:00  INF]  Request finished HTTP/2 GET https://localhost:7109/swagger/swagger-ui-bundle.js - 200 1485750 text/javascript 136.0353ms
[2025-08-19 16:50:28.182 +03:00  INF]  Request finished HTTP/2 GET https://localhost:7109/_vs/browserLink - 200 null text/javascript; charset=UTF-8 54.5693ms
[2025-08-19 16:50:28.467 +03:00  INF]  Request starting HTTP/2 GET https://localhost:7109/swagger/v1/swagger.json - null null
[2025-08-19 16:50:28.479 +03:00  INF]  Request finished HTTP/2 GET https://localhost:7109/swagger/v1/swagger.json - 200 null application/json;charset=utf-8 12.1648ms
[2025-08-19 16:50:43.085 +03:00  INF]  Request starting HTTP/1.1 POST https://localhost:7109/api/Product - application/json 104
[2025-08-19 16:50:43.086 +03:00  INF]  Executing endpoint 'SecondTask.WebApi.Controllers.ProductController.CreateProduct (SecondTask.WebApi)'
[2025-08-19 16:50:43.089 +03:00  INF]  Route matched with {action = "CreateProduct", controller = "Product"}. Executing controller action with signature System.Threading.Tasks.Task`1[Microsoft.AspNetCore.Mvc.IActionResult] CreateProduct(SecondTask.Application.Features.CQRS.Commands.ProductCommands.CreateProductCommand) on controller SecondTask.WebApi.Controllers.ProductController (SecondTask.WebApi).
[2025-08-19 16:50:43.113 +03:00  INF]  Executed DbCommand (6ms) [Parameters=[@p0='?', @p1='?', @p2='?' (DbType = Decimal), @p3='?', @p4='?' (DbType = Boolean)], CommandType='"Text"', CommandTimeout='30']
INSERT INTO "Products" ("Brand", "Description", "Price", "ProductName", "Status")
VALUES (@p0, @p1, @p2, @p3, @p4)
RETURNING "Id";
[2025-08-19 16:50:43.119 +03:00  INF]  Executing OkObjectResult, writing value of type 'System.String'.
[2025-08-19 16:50:43.119 +03:00  INF]  Executed action SecondTask.WebApi.Controllers.ProductController.CreateProduct (SecondTask.WebApi) in 30.0485ms
[2025-08-19 16:50:43.119 +03:00  INF]  Executed endpoint 'SecondTask.WebApi.Controllers.ProductController.CreateProduct (SecondTask.WebApi)'
[2025-08-19 16:50:43.120 +03:00  INF]  Request finished HTTP/1.1 POST https://localhost:7109/api/Product - 200 null text/plain; charset=utf-8 34.2792ms
[2025-08-19 16:51:21.759 +03:00  INF]  Request starting HTTP/1.1 POST https://localhost:7109/api/Product - application/json 104
[2025-08-19 16:51:21.759 +03:00  INF]  Executing endpoint 'SecondTask.WebApi.Controllers.ProductController.CreateProduct (SecondTask.WebApi)'
[2025-08-19 16:51:21.759 +03:00  INF]  Route matched with {action = "CreateProduct", controller = "Product"}. Executing controller action with signature System.Threading.Tasks.Task`1[Microsoft.AspNetCore.Mvc.IActionResult] CreateProduct(SecondTask.Application.Features.CQRS.Commands.ProductCommands.CreateProductCommand) on controller SecondTask.WebApi.Controllers.ProductController (SecondTask.WebApi).
[2025-08-19 16:51:21.814 +03:00  INF]  Executed DbCommand (3ms) [Parameters=[@p0='?', @p1='?', @p2='?' (DbType = Decimal), @p3='?', @p4='?' (DbType = Boolean)], CommandType='"Text"', CommandTimeout='30']
INSERT INTO "Products" ("Brand", "Description", "Price", "ProductName", "Status")
VALUES (@p0, @p1, @p2, @p3, @p4)
RETURNING "Id";
[2025-08-19 16:51:21.816 +03:00  INF]  Executing OkObjectResult, writing value of type 'System.String'.
[2025-08-19 16:51:21.817 +03:00  INF]  Executed action SecondTask.WebApi.Controllers.ProductController.CreateProduct (SecondTask.WebApi) in 57.461ms
[2025-08-19 16:51:21.817 +03:00  INF]  Executed endpoint 'SecondTask.WebApi.Controllers.ProductController.CreateProduct (SecondTask.WebApi)'
[2025-08-19 16:51:21.817 +03:00  INF]  Request finished HTTP/1.1 POST https://localhost:7109/api/Product - 200 null text/plain; charset=utf-8 57.9876ms
[2025-08-19 16:51:41.316 +03:00  INF]  Request starting HTTP/1.1 POST https://localhost:7109/api/Product - application/json 104
[2025-08-19 16:51:41.316 +03:00  INF]  Executing endpoint 'SecondTask.WebApi.Controllers.ProductController.CreateProduct (SecondTask.WebApi)'
[2025-08-19 16:51:41.316 +03:00  INF]  Route matched with {action = "CreateProduct", controller = "Product"}. Executing controller action with signature System.Threading.Tasks.Task`1[Microsoft.AspNetCore.Mvc.IActionResult] CreateProduct(SecondTask.Application.Features.CQRS.Commands.ProductCommands.CreateProductCommand) on controller SecondTask.WebApi.Controllers.ProductController (SecondTask.WebApi).
[2025-08-19 16:51:41.319 +03:00  INF]  Executed DbCommand (2ms) [Parameters=[@p0='?', @p1='?', @p2='?' (DbType = Decimal), @p3='?', @p4='?' (DbType = Boolean)], CommandType='"Text"', CommandTimeout='30']
INSERT INTO "Products" ("Brand", "Description", "Price", "ProductName", "Status")
VALUES (@p0, @p1, @p2, @p3, @p4)
RETURNING "Id";
[2025-08-19 16:51:41.321 +03:00  INF]  Executing OkObjectResult, writing value of type 'System.String'.
[2025-08-19 16:51:41.322 +03:00  INF]  Executed action SecondTask.WebApi.Controllers.ProductController.CreateProduct (SecondTask.WebApi) in 5.3833ms
[2025-08-19 16:51:41.322 +03:00  INF]  Executed endpoint 'SecondTask.WebApi.Controllers.ProductController.CreateProduct (SecondTask.WebApi)'
[2025-08-19 16:51:41.322 +03:00  INF]  Request finished HTTP/1.1 POST https://localhost:7109/api/Product - 200 null text/plain; charset=utf-8 5.9417ms
[2025-08-19 16:53:25.159 +03:00  INF]  Request starting HTTP/1.1 GET https://localhost:7109/api/Product - null null
[2025-08-19 16:53:25.159 +03:00  INF]  Executing endpoint 'SecondTask.WebApi.Controllers.ProductController.GetProductList (SecondTask.WebApi)'
[2025-08-19 16:53:25.159 +03:00  INF]  Route matched with {action = "GetProductList", controller = "Product"}. Executing controller action with signature System.Threading.Tasks.Task`1[Microsoft.AspNetCore.Mvc.IActionResult] GetProductList() on controller SecondTask.WebApi.Controllers.ProductController (SecondTask.WebApi).
[2025-08-19 16:53:25.164 +03:00  INF]  Executed DbCommand (2ms) [Parameters=[], CommandType='"Text"', CommandTimeout='30']
SELECT p."Id", p."Brand", p."Description", p."Price", p."ProductName", p."Status"
FROM "Products" AS p
[2025-08-19 16:53:25.168 +03:00  INF]  Executing OkObjectResult, writing value of type 'System.Collections.Generic.List`1[[SecondTask.Application.Features.CQRS.Results.ProductResults.GetProductQueryResult, SecondTask.Application, Version=1.0.0.0, Culture=neutral, PublicKeyToken=null]]'.
[2025-08-19 16:53:25.168 +03:00  INF]  Executed action SecondTask.WebApi.Controllers.ProductController.GetProductList (SecondTask.WebApi) in 8.586ms
[2025-08-19 16:53:25.168 +03:00  INF]  Executed endpoint 'SecondTask.WebApi.Controllers.ProductController.GetProductList (SecondTask.WebApi)'
[2025-08-19 16:53:25.168 +03:00  INF]  Request finished HTTP/1.1 GET https://localhost:7109/api/Product - 200 null application/json; charset=utf-8 9.2696ms
